<?xml version="1.0" encoding="UTF-8"?>
<!-- Generated by org.testng.reporters.JUnitReportReporter -->
<testsuite hostname="LAPTOP-NTJPIB27" name="day06.ZouYe3" tests="3" failures="0" timestamp="9 Jan 2019 07:44:38 GMT" time="9.526" errors="0">
  <testcase name="ccc3" time="0.001" classname="day06.ZouYe3"/>
  <testcase name="aaa1" time="0.845" classname="day06.ZouYe3"/>
  <testcase name="bbb2" time="8.680" classname="day06.ZouYe3"/>
</testsuite> <!-- day06.ZouYe3 -->
