<?xml version="1.0" encoding="UTF-8"?>
<!-- Generated by org.testng.reporters.JUnitReportReporter -->
<testsuite hostname="LAPTOP-NTJPIB27" name="day06.Kshi" tests="3" failures="0" timestamp="29 Dec 2018 07:03:28 GMT" time="2.502" errors="0">
  <testcase name="app" time="0.732" classname="day06.Kshi"/>
  <testcase name="cpp" time="0.777" classname="day06.Kshi"/>
  <testcase name="bpp" time="0.993" classname="day06.Kshi"/>
</testsuite> <!-- day06.Kshi -->
