<?xml version="1.0" encoding="UTF-8"?>
<!-- Generated by org.testng.reporters.JUnitReportReporter -->
<testsuite hostname="LAPTOP-NTJPIB27" name="day07.YxingLx2" tests="1" failures="0" timestamp="3 Feb 2019 14:54:52 GMT" time="2.223" errors="0">
  <testcase name="c" time="2.223" classname="day07.YxingLx2"/>
</testsuite> <!-- day07.YxingLx2 -->
