<?xml version="1.0" encoding="UTF-8"?>
<!-- Generated by org.testng.reporters.JUnitReportReporter -->
<testsuite hostname="LAPTOP-NTJPIB27" name="day07.HaiJia" tests="1" failures="0" timestamp="27 Jan 2019 14:26:26 GMT" time="9.363" errors="0">
  <testcase name="stpp1" time="9.363" classname="day07.HaiJia"/>
</testsuite> <!-- day07.HaiJia -->
