<?xml version="1.0" encoding="UTF-8"?>
<!-- Generated by org.testng.reporters.JUnitReportReporter -->
<testsuite hostname="LAPTOP-NTJPIB27" name="day07.YxingLx1" tests="3" failures="0" timestamp="1 Feb 2019 02:43:14 GMT" time="2.687" errors="0">
  <testcase name="c" time="0.315" classname="day07.YxingLx1"/>
  <testcase name="a" time="2.273" classname="day07.YxingLx1"/>
  <testcase name="b" time="0.099" classname="day07.YxingLx1"/>
</testsuite> <!-- day07.YxingLx1 -->
