<?xml version="1.0" encoding="UTF-8"?>
<!-- Generated by org.testng.reporters.JUnitReportReporter -->
<testsuite hostname="LAPTOP-NTJPIB27" name="day06.ZouYe1" tests="3" failures="0" timestamp="9 Jan 2019 06:40:29 GMT" time="12.401" errors="0">
  <testcase name="bb2" time="3.288" classname="day06.ZouYe1"/>
  <testcase name="cc3" time="3.310" classname="day06.ZouYe1"/>
  <testcase name="aa1" time="5.803" classname="day06.ZouYe1"/>
</testsuite> <!-- day06.ZouYe1 -->
