<?xml version="1.0" encoding="UTF-8"?>
<!-- Generated by org.testng.reporters.JUnitReportReporter -->
<testsuite hostname="LAPTOP-NTJPIB27" name="day07.YxingLx2$sanwork" tests="1" failures="0" timestamp="10 Feb 2019 07:30:36 GMT" time="5.169" errors="0">
  <testcase name="w126" time="5.169" classname="day07.YxingLx2$sanwork"/>
</testsuite> <!-- day07.YxingLx2$sanwork -->
