<?xml version="1.0" encoding="UTF-8"?>
<!-- Generated by org.testng.reporters.JUnitReportReporter -->
<testsuite hostname="LAPTOP-NTJPIB27" name="day06.ZouYe4" tests="3" failures="0" timestamp="9 Jan 2019 08:35:42 GMT" time="2.538" errors="0">
  <testcase name="b2" time="0.493" classname="day06.ZouYe4"/>
  <testcase name="c3" time="1.539" classname="day06.ZouYe4"/>
  <testcase name="a1" time="0.506" classname="day06.ZouYe4"/>
</testsuite> <!-- day06.ZouYe4 -->
