<?xml version="1.0" encoding="UTF-8"?>
<!-- Generated by org.testng.reporters.JUnitReportReporter -->
<testsuite hostname="LAPTOP-NTJPIB27" name="day06.NewTest" tests="1" failures="0" timestamp="2 Jan 2019 01:39:18 GMT" time="0.009" errors="0">
  <testcase name="f" time="0.009" classname="day06.NewTest"/>
</testsuite> <!-- day06.NewTest -->
