<?xml version="1.0" encoding="UTF-8"?>
<!-- Generated by org.testng.reporters.JUnitReportReporter -->
<testsuite hostname="LAPTOP-NTJPIB27" name="day06.ZouYe2" tests="3" failures="0" timestamp="9 Jan 2019 07:31:42 GMT" time="13.263" errors="0">
  <testcase name="b2" time="3.438" classname="day06.ZouYe2"/>
  <testcase name="a1" time="0.726" classname="day06.ZouYe2"/>
  <testcase name="c3" time="9.099" classname="day06.ZouYe2"/>
</testsuite> <!-- day06.ZouYe2 -->
