<?xml version="1.0" encoding="UTF-8"?>
<!-- Generated by org.testng.reporters.JUnitReportReporter -->
<testsuite hostname="LAPTOP-NTJPIB27" name="day06.As" tests="3" failures="0" timestamp="2 Jan 2019 01:45:13 GMT" time="2.189" errors="0">
  <testcase name="cqukuan2" time="0.460" classname="day06.As"/>
  <testcase name="bqukuan1" time="1.019" classname="day06.As"/>
  <testcase name="alogin" time="0.710" classname="day06.As"/>
</testsuite> <!-- day06.As -->
