<?xml version="1.0" encoding="UTF-8"?>
<!-- Generated by org.testng.reporters.JUnitReportReporter -->
<testsuite hostname="LAPTOP-NTJPIB27" name="day06.Kshi2" tests="3" failures="0" timestamp="2 Jan 2019 03:38:02 GMT" time="1.263" errors="0">
  <testcase name="abb" time="0.147" classname="day06.Kshi2"/>
  <testcase name="aaa" time="0.715" classname="day06.Kshi2"/>
  <testcase name="acc" time="0.401" classname="day06.Kshi2"/>
</testsuite> <!-- day06.Kshi2 -->
